<?xml version="1.0" encoding="UTF-8"?>
<testsuite name="org.jacoco.examples.java.gradle.APIUsageTest" tests="1" skipped="0" failures="0" errors="0" timestamp="2017-11-13T15:25:56" hostname="TOSH" time="67.654">
  <properties/>
  <testcase name="testGetTenMostCommited" classname="org.jacoco.examples.java.gradle.APIUsageTest" time="67.654"/>
  <system-out><![CDATA[getTenMostCommited
[Repository{
	Name = torvalds/linux, 
	Url = https://github.com/torvalds/linux, 
	Stars = 51844, 
	Description = Linux kernel source tree, 
	Language = C, 
	Commits = 989, 
	Top Contributors = [
	Contributor:  has made 232 commits, 
	Contributor: torvalds has made 194 commits, 
	Contributor: davem330 has made 142 commits, 
	Contributor: ralfbaechle has made 78 commits, 
	Contributor: lag-linaro has made 43 commits]
}
, Repository{
	Name = Microsoft/vscode, 
	Url = https://github.com/Microsoft/vscode, 
	Stars = 38145, 
	Description = Visual Studio Code, 
	Language = TypeScript, 
	Commits = 222, 
	Top Contributors = [
	Contributor: joaomoreno has made 50 commits, 
	Contributor: bpasero has made 43 commits, 
	Contributor: sandy081 has made 29 commits, 
	Contributor: jrieken has made 28 commits, 
	Contributor: isidorn has made 15 commits]
}
, Repository{
	Name = tensorflow/tensorflow, 
	Url = https://github.com/tensorflow/tensorflow, 
	Stars = 76922, 
	Description = Computation using data flow graphs for scalable machine learning, 
	Language = C++, 
	Commits = 218, 
	Top Contributors = [
	Contributor: tensorflower-gardener has made 117 commits, 
	Contributor: martinwicke has made 61 commits, 
	Contributor: web-flow has made 17 commits, 
	Contributor: gunan has made 3 commits, 
	Contributor: yardstick17 has made 3 commits]
}
, Repository{
	Name = apple/swift, 
	Url = https://github.com/apple/swift, 
	Stars = 41425, 
	Description = The Swift Programming Language, 
	Language = C++, 
	Commits = 123, 
	Top Contributors = [
	Contributor: web-flow has made 49 commits, 
	Contributor: slavapestov has made 23 commits, 
	Contributor: gottesmm has made 12 commits, 
	Contributor: graydon has made 7 commits, 
	Contributor: aschwaighofer has made 6 commits]
}
, Repository{
	Name = freeCodeCamp/freeCodeCamp, 
	Url = https://github.com/freeCodeCamp/freeCodeCamp, 
	Stars = 291422, 
	Description = The https://freeCodeCamp.org open source codebase and curriculum. Learn to code and help nonprofits., 
	Language = JavaScript, 
	Commits = 48, 
	Top Contributors = [
	Contributor: BerkeleyTrue has made 25 commits, 
	Contributor: web-flow has made 10 commits, 
	Contributor: QuincyLarson has made 4 commits, 
	Contributor: beaucarnes has made 3 commits, 
	Contributor: systimotic has made 2 commits]
}
, Repository{
	Name = rails/rails, 
	Url = https://github.com/rails/rails, 
	Stars = 37636, 
	Description = Ruby on Rails, 
	Language = Ruby, 
	Commits = 47, 
	Top Contributors = [
	Contributor: kamipo has made 14 commits, 
	Contributor: web-flow has made 12 commits, 
	Contributor: matthewd has made 7 commits, 
	Contributor: y-yagi has made 4 commits, 
	Contributor: koic has made 2 commits]
}
, Repository{
	Name = facebook/react-native, 
	Url = https://github.com/facebook/react-native, 
	Stars = 55795, 
	Description = A framework for building native apps with React., 
	Language = JavaScript, 
	Commits = 47, 
	Top Contributors = [
	Contributor: facebook-github-bot has made 47 commits]
}
, Repository{
	Name = twbs/bootstrap, 
	Url = https://github.com/twbs/bootstrap, 
	Stars = 117940, 
	Description = The most popular HTML, CSS, and JavaScript framework for developing responsive, mobile first projects on the web., 
	Language = CSS, 
	Commits = 44, 
	Top Contributors = [
	Contributor: mdo has made 23 commits, 
	Contributor: web-flow has made 12 commits, 
	Contributor: Johann-S has made 4 commits, 
	Contributor: vsn4ik has made 2 commits, 
	Contributor: patrickhlauke has made 2 commits]
}
, Repository{
	Name = nodejs/node, 
	Url = https://github.com/nodejs/node, 
	Stars = 42223, 
	Description = Node.js JavaScript runtime :sparkles::turtle::rocket::sparkles:, 
	Language = JavaScript, 
	Commits = 38, 
	Top Contributors = [
	Contributor: jasnell has made 13 commits, 
	Contributor: BridgeAR has made 9 commits, 
	Contributor: refack has made 7 commits, 
	Contributor: danbev has made 2 commits, 
	Contributor: cjihrig has made 1 commits]
}
, Repository{
	Name = moby/moby, 
	Url = https://github.com/moby/moby, 
	Stars = 46323, 
	Description = Moby Project - a collaborative project for the container ecosystem to assemble container-based systems, 
	Language = Go, 
	Commits = 37, 
	Top Contributors = [
	Contributor: web-flow has made 13 commits, 
	Contributor: dnephin has made 9 commits, 
	Contributor: ghislainbourgeois has made 4 commits, 
	Contributor: jhowardmsft has made 2 commits, 
	Contributor: simonferquel has made 2 commits]
}
]
]]></system-out>
  <system-err><![CDATA[]]></system-err>
</testsuite>
