<?xml version="1.0" encoding="UTF-8"?>
<testsuite name="org.jacoco.examples.java.gradle.RepositoryTest" tests="15" skipped="0" failures="0" errors="0" timestamp="2017-11-13T18:03:19" hostname="TOSH" time="0.134">
  <properties/>
  <testcase name="testGetCommitsNum" classname="org.jacoco.examples.java.gradle.RepositoryTest" time="0.0"/>
  <testcase name="testGetStars" classname="org.jacoco.examples.java.gradle.RepositoryTest" time="0.0"/>
  <testcase name="testSetDescription" classname="org.jacoco.examples.java.gradle.RepositoryTest" time="0.0"/>
  <testcase name="testToString" classname="org.jacoco.examples.java.gradle.RepositoryTest" time="0.001"/>
  <testcase name="testSetCommitsNum" classname="org.jacoco.examples.java.gradle.RepositoryTest" time="0.001"/>
  <testcase name="testGetTopContributors" classname="org.jacoco.examples.java.gradle.RepositoryTest" time="0.002"/>
  <testcase name="testGetName" classname="org.jacoco.examples.java.gradle.RepositoryTest" time="0.001"/>
  <testcase name="testSetLanguage" classname="org.jacoco.examples.java.gradle.RepositoryTest" time="0.0"/>
  <testcase name="testGetLanguage" classname="org.jacoco.examples.java.gradle.RepositoryTest" time="0.0"/>
  <testcase name="testSetTopContributors" classname="org.jacoco.examples.java.gradle.RepositoryTest" time="0.002"/>
  <testcase name="testGetDescription" classname="org.jacoco.examples.java.gradle.RepositoryTest" time="0.0"/>
  <testcase name="testGetUrl" classname="org.jacoco.examples.java.gradle.RepositoryTest" time="0.117"/>
  <testcase name="testSetName" classname="org.jacoco.examples.java.gradle.RepositoryTest" time="0.001"/>
  <testcase name="testSetUrl" classname="org.jacoco.examples.java.gradle.RepositoryTest" time="0.002"/>
  <testcase name="testSetStars" classname="org.jacoco.examples.java.gradle.RepositoryTest" time="0.001"/>
  <system-out><![CDATA[getCommitsNum
getStars
setDescription
toString
setCommitsNum
getTopContributors
getName
setLanguage
getLanguage
setTopContributors
getDescription
getUrl
setName
setUrl
setStars
]]></system-out>
  <system-err><![CDATA[]]></system-err>
</testsuite>
